{ "msg_showcmd", "sl:1", "tick:93", false, { { 0, ":" } } }
{ "cmdline_show", "sl:1", "tick:94", "mode:c", { { 0, "" } } }
{ "cmdline_show", "sl:1", "tick:97", "mode:c", { { 0, "n" } } }
{ "cmdline_show", "sl:1", "tick:99", "mode:c", { { 0, "no" } } }
{ "cmdline_show", "sl:1", "tick:101", "mode:c", { { 0, "noi" } } }
{ "cmdline_show", "sl:2", "tick:103", "mode:c", { { 0, "Noice" } } }
{ "popupmenu_show", "sl:1", "tick:103", "mode:c", { { "Noice", "", "", "" }, { "NoiceAll", "", "", "" }, { "NoiceConfig", "", "", "" }, { "NoiceDebug", "", "", "" }, { "NoiceDisable", "", "", "" }, { "NoiceDismiss", "", "", "" }, { "NoiceEnable", "", "", "" }, { "NoiceErrors", "", "", "" }, { "NoiceFzf", "", "", "" }, { "NoiceHistory", "", "", "" }, { "NoiceLast", "", "", "" }, { "NoiceLog", "", "", "" }, { "NoicePick", "", "", "" }, { "NoiceRoutes", "", "", "" }, { "NoiceStats", "", "", "" }, { "NoiceTelescope", "", "", "" }, { "NoiceViewstats", "", "", "" } } }
{ "cmdline_show", "sl:1", "tick:105", "mode:c", { { 0, "NoiceAll" } } }
{ "cmdline_show", "sl:1", "tick:107", "mode:c", { { 0, "NoiceConfig" } } }
{ "cmdline_show", "sl:1", "tick:109", "mode:c", { { 0, "NoiceDebug" } } }
{ "cmdline_show", "sl:1", "tick:111", "mode:c", { { 0, "NoiceDisable" } } }
{ "cmdline_show", "sl:1", "tick:113", "mode:c", { { 0, "NoiceDismiss" } } }
{ "cmdline_show", "sl:1", "tick:115", "mode:c", { { 0, "NoiceEnable" } } }
{ "cmdline_show", "sl:1", "tick:117", "mode:c", { { 0, "NoiceErrors" } } }
{ "cmdline_show", "sl:1", "tick:119", "mode:c", { { 0, "NoiceFzf" } } }
{ "cmdline_hide", "sl:1", "tick:121", false, 1 }
{ "msg_showcmd", "sl:1", "tick:122", false, { { 0, ":" } } }
{ "cmdline_show", "sl:1", "tick:123", "mode:c", { { 0, "" } } }
{ "cmdline_show", "sl:1", "tick:126", "mode:c", { { 0, "n" } } }
{ "cmdline_show", "sl:1", "tick:128", "mode:c", { { 0, "no" } } }
{ "cmdline_show", "sl:1", "tick:130", "mode:c", { { 0, "noi" } } }
{ "cmdline_show", "sl:2", "tick:132", "mode:c", { { 0, "Noice" } } }
{ "popupmenu_show", "sl:1", "tick:132", "mode:c", { { "Noice", "", "", "" }, { "NoiceAll", "", "", "" }, { "NoiceConfig", "", "", "" }, { "NoiceDebug", "", "", "" }, { "NoiceDisable", "", "", "" }, { "NoiceDismiss", "", "", "" }, { "NoiceEnable", "", "", "" }, { "NoiceErrors", "", "", "" }, { "NoiceFzf", "", "", "" }, { "NoiceHistory", "", "", "" }, { "NoiceLast", "", "", "" }, { "NoiceLog", "", "", "" }, { "NoicePick", "", "", "" }, { "NoiceRoutes", "", "", "" }, { "NoiceStats", "", "", "" }, { "NoiceTelescope", "", "", "" }, { "NoiceViewstats", "", "", "" } } }
{ "cmdline_show", "sl:1", "tick:134", "mode:c", { { 0, "Noice&" } } }
{ "cmdline_show", "sl:1", "tick:136", "mode:c", { { 0, "Noice&&" } } }
{ "cmdline_hide", "sl:1", "tick:138", false, 1 }
{ "msg_showcmd", "sl:1", "tick:139", false, { { 0, ":" } } }
{ "cmdline_show", "sl:1", "tick:140", "mode:c", { { 0, "" } } }
{ "cmdline_show", "sl:1", "tick:143", "mode:c", { { 0, "n" } } }
{ "cmdline_show", "sl:1", "tick:145", "mode:c", { { 0, "no" } } }
{ "cmdline_show", "sl:1", "tick:147", "mode:c", { { 0, "noi" } } }
{ "cmdline_show", "sl:1", "tick:149", "mode:c", { { 0, "noic" } } }
{ "cmdline_show", "sl:1", "tick:151", "mode:c", { { 0, "noice" } } }
{ "cmdline_show", "sl:2", "tick:153", "mode:c", { { 0, "Noice" } } }
{ "popupmenu_show", "sl:1", "tick:153", "mode:c", { { "Noice", "", "", "" }, { "NoiceAll", "", "", "" }, { "NoiceConfig", "", "", "" }, { "NoiceDebug", "", "", "" }, { "NoiceDisable", "", "", "" }, { "NoiceDismiss", "", "", "" }, { "NoiceEnable", "", "", "" }, { "NoiceErrors", "", "", "" }, { "NoiceFzf", "", "", "" }, { "NoiceHistory", "", "", "" }, { "NoiceLast", "", "", "" }, { "NoiceLog", "", "", "" }, { "NoicePick", "", "", "" }, { "NoiceRoutes", "", "", "" }, { "NoiceStats", "", "", "" }, { "NoiceTelescope", "", "", "" }, { "NoiceViewstats", "", "", "" } } }
{ "cmdline_show", "sl:1", "tick:155", "mode:c", { { 0, "NoiceAll" } } }
{ "cmdline_show", "sl:1", "tick:157", "mode:c", { { 0, "NoiceConfig" } } }
{ "cmdline_show", "sl:1", "tick:159", "mode:c", { { 0, "NoiceDebug" } } }
{ "cmdline_show", "sl:1", "tick:161", "mode:c", { { 0, "NoiceDisable" } } }
{ "cmdline_show", "sl:1", "tick:163", "mode:c", { { 0, "NoiceDismiss" } } }
{ "cmdline_show", "sl:1", "tick:165", "mode:c", { { 0, "NoiceEnable" } } }
{ "cmdline_show", "sl:1", "tick:167", "mode:c", { { 0, "NoiceErrors" } } }
{ "cmdline_show", "sl:1", "tick:169", "mode:c", { { 0, "NoiceFzf" } } }
{ "cmdline_show", "sl:1", "tick:171", "mode:c", { { 0, "NoiceHistory" } } }
{ "cmdline_show", "sl:1", "tick:173", "mode:c", { { 0, "NoiceLast" } } }
{ "cmdline_show", "sl:1", "tick:175", "mode:c", { { 0, "NoiceLog" } } }
{ "cmdline_hide", "sl:1", "tick:177", false, 1 }
{ "msg_showcmd", "sl:1", "tick:178", false, { { 0, "^[" } } }
{ "msg_showcmd", "sl:1", "tick:180", false, { { 0, ":" } } }
{ "cmdline_show", "sl:1", "tick:181", "mode:c", { { 0, "" } } }
{ "cmdline_show", "sl:1", "tick:184", "mode:c", { { 0, "q" } } }
{ "cmdline_show", "sl:1", "tick:186", "mode:c", { { 0, "qa" } } }
{ "cmdline_hide", "sl:1", "tick:188", false, 1 }
{ "msg_show", "sl:1", "tick:189", "mode:r?", "confirm" }
